Using pre-set license
Built from '2020.3/staging' branch; Version is '2020.3.4f1 (0abb6314276a) revision 703331'; Using compiler version '192528614'; Build Type 'Release'
OS: 'Windows 10 Education; OS build 19042.867; Version 2009; 64bit' Language: 'en' Physical Memory: 16099 MB
BatchMode: 1, IsHumanControllingUs: 0, StartBugReporterOnCrash: 0, Is64bit: 1, IsPro: 0

 COMMAND LINE ARGUMENTS:
C:\Program Files\Unity\Hub\Editor\2020.3.4f1\Editor\Unity.exe
-adb2
-batchMode
-noUpm
-name
AssetImportWorker0
-projectPath
C:/Users/a.rush/New Unity Project
-logFile
Logs/AssetImportWorker0.log
-srvPort
60942
Successfully changed project path to: C:/Users/a.rush/New Unity Project
C:/Users/a.rush/New Unity Project
Using Asset Import Pipeline V2.
Refreshing native plugins compatible for Editor in 19.97 ms, found 0 plugins.
Preloading 0 native plugins for Editor in 0.00 ms.
Initialize engine version: 2020.3.4f1 (0abb6314276a)
[Subsystems] Discovering subsystems at path C:/Program Files/Unity/Hub/Editor/2020.3.4f1/Editor/Data/Resources/UnitySubsystems
[Subsystems] Discovering subsystems at path C:/Users/a.rush/New Unity Project/Assets
GfxDevice: creating device client; threaded=0
Direct3D:
    Version:  Direct3D 11.0 [level 11.1]
    Renderer: Intel(R) UHD Graphics 630 (ID=0x9bc8)
    Vendor:   
    VRAM:     8049 MB
    Driver:   26.20.100.8141
Initialize mono
Mono path[0] = 'C:/Program Files/Unity/Hub/Editor/2020.3.4f1/Editor/Data/Managed'
Mono path[1] = 'C:/Program Files/Unity/Hub/Editor/2020.3.4f1/Editor/Data/MonoBleedingEdge/lib/mono/unityjit'
Mono config path = 'C:/Program Files/Unity/Hub/Editor/2020.3.4f1/Editor/Data/MonoBleedingEdge/etc'
Using monoOptions --debugger-agent=transport=dt_socket,embedding=1,server=y,suspend=n,address=127.0.0.1:56712
Begin MonoManager ReloadAssembly
Registering precompiled unity dll's ...
Register platform support module: C:/Program Files/Unity/Hub/Editor/2020.3.4f1/Editor/Data/PlaybackEngines/WebGLSupport/UnityEditor.WebGL.Extensions.dll
Register platform support module: C:/Program Files/Unity/Hub/Editor/2020.3.4f1/Editor/Data/PlaybackEngines/WindowsStandaloneSupport/UnityEditor.WindowsStandalone.Extensions.dll
Registered in 0.001722 seconds.
Native extension for WindowsStandalone target not found
Native extension for WebGL target not found
Refreshing native plugins compatible for Editor in 19.52 ms, found 0 plugins.
Preloading 0 native plugins for Editor in 0.00 ms.
Mono: successfully reloaded assembly
- Completed reload, in  1.016 seconds
Platform modules already initialized, skipping
Registering precompiled user dll's ...
Registered in 0.000833 seconds.
Begin MonoManager ReloadAssembly
Native extension for WindowsStandalone target not found
Native extension for WebGL target not found
Refreshing native plugins compatible for Editor in 0.21 ms, found 0 plugins.
Preloading 0 native plugins for Editor in 0.00 ms.
Mono: successfully reloaded assembly
- Completed reload, in  0.697 seconds
Platform modules already initialized, skipping
========================================================================
Worker process is ready to serve import requests
Launched and connected shader compiler UnityShaderCompiler.exe after 0.03 seconds
Refreshing native plugins compatible for Editor in 0.19 ms, found 0 plugins.
Preloading 0 native plugins for Editor in 0.00 ms.
Unloading 1269 Unused Serialized files (Serialized files now loaded: 0)
System memory in use before: 62.3 MB.
System memory in use after: 62.4 MB.

Unloading 11 unused Assets to reduce memory usage. Loaded Objects now: 1710.
Total: 1.475300 ms (FindLiveObjects: 0.125200 ms CreateObjectMapping: 0.029100 ms MarkObjects: 1.262400 ms  DeleteObjects: 0.057700 ms)

========================================================================
Received Import Request.
  path: Assets
  artifactKey: Guid(00000000000000001000000000000000) Importer(815301076,1909f56bfc062723c751e8b465ee728b)
Start importing Assets using Guid(00000000000000001000000000000000) Importer(815301076,1909f56bfc062723c751e8b465ee728b)  -> (artifact id: '025e4f587c23674256bb898581e82961') in 0.007445 seconds
  Import took 0.009120 seconds .

========================================================================
Received Prepare
Refreshing native plugins compatible for Editor in 0.73 ms, found 0 plugins.
Preloading 0 native plugins for Editor in 0.00 ms.
Unloading 4 Unused Serialized files (Serialized files now loaded: 0)
System memory in use before: 36.9 MB.
System memory in use after: 37.0 MB.

Unloading 4 unused Assets to reduce memory usage. Loaded Objects now: 1710.
Total: 2.735500 ms (FindLiveObjects: 0.421800 ms CreateObjectMapping: 0.137500 ms MarkObjects: 2.126000 ms  DeleteObjects: 0.048900 ms)

========================================================================
Received Import Request.
  Time since last request: 1.896425 seconds.
  path: Assets/New Material.mat
  artifactKey: Guid(568c1769b651047499f5b71fddaf5840) Importer(815301076,1909f56bfc062723c751e8b465ee728b)
Start importing Assets/New Material.mat using Guid(568c1769b651047499f5b71fddaf5840) Importer(815301076,1909f56bfc062723c751e8b465ee728b)  -> (artifact id: '3941423a3305f8ef15d4f29bd0605243') in 0.093447 seconds
  Import took 0.095641 seconds .

========================================================================
Received Import Request.
  Time since last request: 45.520246 seconds.
  path: Assets/New Material 1.mat
  artifactKey: Guid(8b5e2c6f7f45e9d40826317b82db57e6) Importer(815301076,1909f56bfc062723c751e8b465ee728b)
Start importing Assets/New Material 1.mat using Guid(8b5e2c6f7f45e9d40826317b82db57e6) Importer(815301076,1909f56bfc062723c751e8b465ee728b)  -> (artifact id: '03cbb88e23e2d392b43ed4e575487de5') in 0.022911 seconds
  Import took 0.025403 seconds .

========================================================================
Received Prepare
Registering precompiled user dll's ...
Registered in 0.000815 seconds.
Begin MonoManager ReloadAssembly
Native extension for WindowsStandalone target not found
Native extension for WebGL target not found
Refreshing native plugins compatible for Editor in 0.20 ms, found 0 plugins.
Preloading 0 native plugins for Editor in 0.00 ms.
Mono: successfully reloaded assembly
- Completed reload, in  0.608 seconds
Platform modules already initialized, skipping
Refreshing native plugins compatible for Editor in 0.19 ms, found 0 plugins.
Preloading 0 native plugins for Editor in 0.00 ms.
Unloading 1262 Unused Serialized files (Serialized files now loaded: 0)
System memory in use before: 65.5 MB.
System memory in use after: 65.5 MB.

Unloading 6 unused Assets to reduce memory usage. Loaded Objects now: 1753.
Total: 1.435600 ms (FindLiveObjects: 0.128200 ms CreateObjectMapping: 0.027500 ms MarkObjects: 1.240400 ms  DeleteObjects: 0.038800 ms)

========================================================================
Received Import Request.
  Time since last request: 967.279739 seconds.
  path: Assets/NewBehaviourScript.cs
  artifactKey: Guid(3545c302f5b6a5a47adefbfa6baceadf) Importer(815301076,1909f56bfc062723c751e8b465ee728b)
Start importing Assets/NewBehaviourScript.cs using Guid(3545c302f5b6a5a47adefbfa6baceadf) Importer(815301076,1909f56bfc062723c751e8b465ee728b)  -> (artifact id: 'a23048349e7d40e7f9a71755826ade57') in 0.072391 seconds
  Import took 0.074339 seconds .

========================================================================
Received Prepare
Registering precompiled user dll's ...
Registered in 0.000895 seconds.
Begin MonoManager ReloadAssembly
Native extension for WindowsStandalone target not found
Native extension for WebGL target not found
Refreshing native plugins compatible for Editor in 0.20 ms, found 0 plugins.
Preloading 0 native plugins for Editor in 0.00 ms.
Mono: successfully reloaded assembly
- Completed reload, in  0.668 seconds
Platform modules already initialized, skipping
Refreshing native plugins compatible for Editor in 0.19 ms, found 0 plugins.
Preloading 0 native plugins for Editor in 0.00 ms.
Unloading 1263 Unused Serialized files (Serialized files now loaded: 0)
System memory in use before: 65.5 MB.
System memory in use after: 65.6 MB.

Unloading 6 unused Assets to reduce memory usage. Loaded Objects now: 1757.
Total: 1.372400 ms (FindLiveObjects: 0.116100 ms CreateObjectMapping: 0.031900 ms MarkObjects: 1.153500 ms  DeleteObjects: 0.070300 ms)

========================================================================
Received Import Request.
  Time since last request: 129.966369 seconds.
  path: Assets/NewBehaviourScript.cs
  artifactKey: Guid(3545c302f5b6a5a47adefbfa6baceadf) Importer(815301076,1909f56bfc062723c751e8b465ee728b)
Start importing Assets/NewBehaviourScript.cs using Guid(3545c302f5b6a5a47adefbfa6baceadf) Importer(815301076,1909f56bfc062723c751e8b465ee728b)  -> (artifact id: '538eb74f393ce42be05b40df75cff509') in 0.003658 seconds
  Import took 0.005476 seconds .

========================================================================
Received Import Request.
  Time since last request: 0.000238 seconds.
  path: Assets/NewBehaviourScript.cs
  artifactKey: Guid(3545c302f5b6a5a47adefbfa6baceadf) Importer(815301076,1909f56bfc062723c751e8b465ee728b)
Start importing Assets/NewBehaviourScript.cs using Guid(3545c302f5b6a5a47adefbfa6baceadf) Importer(815301076,1909f56bfc062723c751e8b465ee728b)  -> (artifact id: '538eb74f393ce42be05b40df75cff509') in 0.003031 seconds
  Import took 0.004837 seconds .

========================================================================
Received Import Request.
  Time since last request: 190.228290 seconds.
  path: Assets/NewBehaviourScript.cs
  artifactKey: Guid(3545c302f5b6a5a47adefbfa6baceadf) Importer(815301076,1909f56bfc062723c751e8b465ee728b)
Start importing Assets/NewBehaviourScript.cs using Guid(3545c302f5b6a5a47adefbfa6baceadf) Importer(815301076,1909f56bfc062723c751e8b465ee728b)  -> (artifact id: '11212df497c32e76523038ce82236531') in 0.002697 seconds
  Import took 0.005130 seconds .

========================================================================
Received Import Request.
  Time since last request: 0.003338 seconds.
  path: Assets/NewBehaviourScript.cs
  artifactKey: Guid(3545c302f5b6a5a47adefbfa6baceadf) Importer(815301076,1909f56bfc062723c751e8b465ee728b)
Start importing Assets/NewBehaviourScript.cs using Guid(3545c302f5b6a5a47adefbfa6baceadf) Importer(815301076,1909f56bfc062723c751e8b465ee728b)  -> (artifact id: '11212df497c32e76523038ce82236531') in 0.002432 seconds
  Import took 0.004631 seconds .

========================================================================
Received Import Request.
  Time since last request: 127.994150 seconds.
  path: Assets/NewBehaviourScript1.cs
  artifactKey: Guid(cf31306deaef2b643982718718c18c0d) Importer(815301076,1909f56bfc062723c751e8b465ee728b)
Start importing Assets/NewBehaviourScript1.cs using Guid(cf31306deaef2b643982718718c18c0d) Importer(815301076,1909f56bfc062723c751e8b465ee728b)  -> (artifact id: '17d162a899c775970a56ebca10cd3d10') in 0.007204 seconds
  Import took 0.009452 seconds .

========================================================================
Received Prepare
Registering precompiled user dll's ...
Registered in 0.000730 seconds.
Begin MonoManager ReloadAssembly
Native extension for WindowsStandalone target not found
Native extension for WebGL target not found
Refreshing native plugins compatible for Editor in 0.20 ms, found 0 plugins.
Preloading 0 native plugins for Editor in 0.00 ms.
Mono: successfully reloaded assembly
- Completed reload, in  0.637 seconds
Platform modules already initialized, skipping
Refreshing native plugins compatible for Editor in 0.19 ms, found 0 plugins.
Preloading 0 native plugins for Editor in 0.00 ms.
Unloading 1263 Unused Serialized files (Serialized files now loaded: 0)
System memory in use before: 65.5 MB.
System memory in use after: 65.6 MB.

Unloading 7 unused Assets to reduce memory usage. Loaded Objects now: 1760.
Total: 1.456900 ms (FindLiveObjects: 0.130900 ms CreateObjectMapping: 0.026400 ms MarkObjects: 1.256200 ms  DeleteObjects: 0.042500 ms)

========================================================================
Received Import Request.
  Time since last request: 159.287404 seconds.
  path: Assets/NewBehaviourScript1.cs
  artifactKey: Guid(cf31306deaef2b643982718718c18c0d) Importer(815301076,1909f56bfc062723c751e8b465ee728b)
Start importing Assets/NewBehaviourScript1.cs using Guid(cf31306deaef2b643982718718c18c0d) Importer(815301076,1909f56bfc062723c751e8b465ee728b)  -> (artifact id: 'c97c4694c708357b34e67de69ddf3954') in 0.006330 seconds
  Import took 0.008511 seconds .

========================================================================
Received Import Request.
  Time since last request: 0.001537 seconds.
  path: Assets/NewBehaviourScript1.cs
  artifactKey: Guid(cf31306deaef2b643982718718c18c0d) Importer(815301076,1909f56bfc062723c751e8b465ee728b)
Start importing Assets/NewBehaviourScript1.cs using Guid(cf31306deaef2b643982718718c18c0d) Importer(815301076,1909f56bfc062723c751e8b465ee728b)  -> (artifact id: 'c97c4694c708357b34e67de69ddf3954') in 0.001682 seconds
  Import took 0.003798 seconds .

========================================================================
Received Import Request.
  Time since last request: 73.969015 seconds.
  path: Assets/NewBehaviourScript1.cs
  artifactKey: Guid(cf31306deaef2b643982718718c18c0d) Importer(815301076,1909f56bfc062723c751e8b465ee728b)
Start importing Assets/NewBehaviourScript1.cs using Guid(cf31306deaef2b643982718718c18c0d) Importer(815301076,1909f56bfc062723c751e8b465ee728b)  -> (artifact id: '0c30b271d331a3dfe171ffbf488694aa') in 0.002372 seconds
  Import took 0.004797 seconds .

========================================================================
Received Prepare
Registering precompiled user dll's ...
Registered in 0.000721 seconds.
Begin MonoManager ReloadAssembly
Native extension for WindowsStandalone target not found
Native extension for WebGL target not found
Refreshing native plugins compatible for Editor in 0.20 ms, found 0 plugins.
Preloading 0 native plugins for Editor in 0.00 ms.
Mono: successfully reloaded assembly
- Completed reload, in  0.598 seconds
Platform modules already initialized, skipping
Refreshing native plugins compatible for Editor in 0.19 ms, found 0 plugins.
Preloading 0 native plugins for Editor in 0.00 ms.
Unloading 1262 Unused Serialized files (Serialized files now loaded: 0)
System memory in use before: 65.5 MB.
System memory in use after: 65.6 MB.

Unloading 7 unused Assets to reduce memory usage. Loaded Objects now: 1762.
Total: 1.432300 ms (FindLiveObjects: 0.128300 ms CreateObjectMapping: 0.034900 ms MarkObjects: 1.193200 ms  DeleteObjects: 0.075200 ms)

========================================================================
Received Prepare
Registering precompiled user dll's ...
Registered in 0.001071 seconds.
Begin MonoManager ReloadAssembly
Native extension for WindowsStandalone target not found
Native extension for WebGL target not found
Refreshing native plugins compatible for Editor in 0.21 ms, found 0 plugins.
Preloading 0 native plugins for Editor in 0.00 ms.
Mono: successfully reloaded assembly
- Completed reload, in  0.699 seconds
Platform modules already initialized, skipping
Refreshing native plugins compatible for Editor in 0.21 ms, found 0 plugins.
Preloading 0 native plugins for Editor in 0.00 ms.
Unloading 1263 Unused Serialized files (Serialized files now loaded: 0)
System memory in use before: 65.5 MB.
System memory in use after: 65.6 MB.

Unloading 6 unused Assets to reduce memory usage. Loaded Objects now: 1766.
Total: 1.592300 ms (FindLiveObjects: 0.140600 ms CreateObjectMapping: 0.032200 ms MarkObjects: 1.373900 ms  DeleteObjects: 0.044700 ms)

========================================================================
Received Prepare
Registering precompiled user dll's ...
Registered in 0.001062 seconds.
Begin MonoManager ReloadAssembly
Native extension for WindowsStandalone target not found
Native extension for WebGL target not found
Refreshing native plugins compatible for Editor in 0.20 ms, found 0 plugins.
Preloading 0 native plugins for Editor in 0.00 ms.
Mono: successfully reloaded assembly
- Completed reload, in  0.606 seconds
Platform modules already initialized, skipping
Refreshing native plugins compatible for Editor in 0.18 ms, found 0 plugins.
Preloading 0 native plugins for Editor in 0.00 ms.
Unloading 1263 Unused Serialized files (Serialized files now loaded: 0)
System memory in use before: 65.5 MB.
System memory in use after: 65.6 MB.

Unloading 6 unused Assets to reduce memory usage. Loaded Objects now: 1769.
Total: 2.332400 ms (FindLiveObjects: 0.215600 ms CreateObjectMapping: 0.072100 ms MarkObjects: 1.968800 ms  DeleteObjects: 0.074900 ms)

========================================================================
Received Import Request.
  Time since last request: 142.017149 seconds.
  path: Assets/NewBehaviourScript.cs
  artifactKey: Guid(3545c302f5b6a5a47adefbfa6baceadf) Importer(815301076,1909f56bfc062723c751e8b465ee728b)
Start importing Assets/NewBehaviourScript.cs using Guid(3545c302f5b6a5a47adefbfa6baceadf) Importer(815301076,1909f56bfc062723c751e8b465ee728b)  -> (artifact id: '82c8dcccdaba65b7d6b816962f7a3a8c') in 0.004346 seconds
  Import took 0.005941 seconds .

========================================================================
Received Prepare
Registering precompiled user dll's ...
Registered in 0.000747 seconds.
Begin MonoManager ReloadAssembly
Native extension for WindowsStandalone target not found
Native extension for WebGL target not found
Refreshing native plugins compatible for Editor in 0.24 ms, found 0 plugins.
Preloading 0 native plugins for Editor in 0.00 ms.
Mono: successfully reloaded assembly
- Completed reload, in  0.618 seconds
Platform modules already initialized, skipping
Refreshing native plugins compatible for Editor in 0.19 ms, found 0 plugins.
Preloading 0 native plugins for Editor in 0.00 ms.
Unloading 1263 Unused Serialized files (Serialized files now loaded: 0)
System memory in use before: 65.6 MB.
System memory in use after: 65.6 MB.

Unloading 6 unused Assets to reduce memory usage. Loaded Objects now: 1772.
Total: 1.474500 ms (FindLiveObjects: 0.121800 ms CreateObjectMapping: 0.033500 ms MarkObjects: 1.280200 ms  DeleteObjects: 0.038500 ms)

========================================================================
Received Import Request.
  Time since last request: 618.412600 seconds.
  path: Assets/NewBehaviourScript.cs
  artifactKey: Guid(3545c302f5b6a5a47adefbfa6baceadf) Importer(815301076,1909f56bfc062723c751e8b465ee728b)
Start importing Assets/NewBehaviourScript.cs using Guid(3545c302f5b6a5a47adefbfa6baceadf) Importer(815301076,1909f56bfc062723c751e8b465ee728b)  -> (artifact id: '4deac83b1c1f5421d06729147bbf0318') in 0.003289 seconds
  Import took 0.005287 seconds .

========================================================================
Received Prepare
Registering precompiled user dll's ...
Registered in 0.000933 seconds.
Begin MonoManager ReloadAssembly
Native extension for WindowsStandalone target not found
Native extension for WebGL target not found
Refreshing native plugins compatible for Editor in 0.19 ms, found 0 plugins.
Preloading 0 native plugins for Editor in 0.00 ms.
Mono: successfully reloaded assembly
- Completed reload, in  0.580 seconds
Platform modules already initialized, skipping
Refreshing native plugins compatible for Editor in 0.18 ms, found 0 plugins.
Preloading 0 native plugins for Editor in 0.00 ms.
Unloading 1263 Unused Serialized files (Serialized files now loaded: 0)
System memory in use before: 65.6 MB.
System memory in use after: 65.6 MB.

Unloading 6 unused Assets to reduce memory usage. Loaded Objects now: 1775.
Total: 3.340200 ms (FindLiveObjects: 0.401400 ms CreateObjectMapping: 0.138100 ms MarkObjects: 2.764200 ms  DeleteObjects: 0.034600 ms)

========================================================================
Received Prepare
Registering precompiled user dll's ...
Registered in 0.001241 seconds.
Begin MonoManager ReloadAssembly
Native extension for WindowsStandalone target not found
Native extension for WebGL target not found
Refreshing native plugins compatible for Editor in 0.28 ms, found 0 plugins.
Preloading 0 native plugins for Editor in 0.00 ms.
Mono: successfully reloaded assembly
- Completed reload, in  0.908 seconds
Platform modules already initialized, skipping
Refreshing native plugins compatible for Editor in 0.30 ms, found 0 plugins.
Preloading 0 native plugins for Editor in 0.00 ms.
Unloading 1263 Unused Serialized files (Serialized files now loaded: 0)
System memory in use before: 65.6 MB.
System memory in use after: 65.6 MB.

Unloading 6 unused Assets to reduce memory usage. Loaded Objects now: 1778.
Total: 2.190400 ms (FindLiveObjects: 0.191300 ms CreateObjectMapping: 0.043900 ms MarkObjects: 1.906700 ms  DeleteObjects: 0.047100 ms)

========================================================================
Received Prepare
Registering precompiled user dll's ...
Registered in 0.001004 seconds.
Begin MonoManager ReloadAssembly
Native extension for WindowsStandalone target not found
Native extension for WebGL target not found
Refreshing native plugins compatible for Editor in 0.31 ms, found 0 plugins.
Preloading 0 native plugins for Editor in 0.00 ms.
Mono: successfully reloaded assembly
- Completed reload, in  0.805 seconds
Platform modules already initialized, skipping
Refreshing native plugins compatible for Editor in 0.38 ms, found 0 plugins.
Preloading 0 native plugins for Editor in 0.00 ms.
Unloading 1263 Unused Serialized files (Serialized files now loaded: 0)
System memory in use before: 65.6 MB.
System memory in use after: 65.7 MB.

Unloading 6 unused Assets to reduce memory usage. Loaded Objects now: 1781.
Total: 2.254900 ms (FindLiveObjects: 0.200800 ms CreateObjectMapping: 0.049700 ms MarkObjects: 1.951300 ms  DeleteObjects: 0.050700 ms)

========================================================================
Received Import Request.
  Time since last request: 820.156005 seconds.
  path: Assets/Scenes
  artifactKey: Guid(6a384dd29d667e64bb9d34e3ecc2619f) Importer(815301076,1909f56bfc062723c751e8b465ee728b)
Start importing Assets/Scenes using Guid(6a384dd29d667e64bb9d34e3ecc2619f) Importer(815301076,1909f56bfc062723c751e8b465ee728b)  -> (artifact id: 'ad51ccdbaf573f08b79d152d2ed3cdb9') in 0.013008 seconds
  Import took 0.015980 seconds .

========================================================================
Received Prepare
Registering precompiled user dll's ...
Registered in 0.000884 seconds.
Begin MonoManager ReloadAssembly
Native extension for WindowsStandalone target not found
Native extension for WebGL target not found
Refreshing native plugins compatible for Editor in 0.20 ms, found 0 plugins.
Preloading 0 native plugins for Editor in 0.00 ms.
Mono: successfully reloaded assembly
- Completed reload, in  0.677 seconds
Platform modules already initialized, skipping
Refreshing native plugins compatible for Editor in 0.19 ms, found 0 plugins.
Preloading 0 native plugins for Editor in 0.00 ms.
Unloading 1263 Unused Serialized files (Serialized files now loaded: 0)
System memory in use before: 65.6 MB.
System memory in use after: 65.7 MB.

Unloading 6 unused Assets to reduce memory usage. Loaded Objects now: 1784.
Total: 1.558300 ms (FindLiveObjects: 0.148700 ms CreateObjectMapping: 0.057300 ms MarkObjects: 1.254700 ms  DeleteObjects: 0.096900 ms)

========================================================================
Received Import Request.
  Time since last request: 380.205405 seconds.
  path: Assets/New Terrain.asset
  artifactKey: Guid(bb12342f37c2804419d52bf11285897c) Importer(815301076,1909f56bfc062723c751e8b465ee728b)
Start importing Assets/New Terrain.asset using Guid(bb12342f37c2804419d52bf11285897c) Importer(815301076,1909f56bfc062723c751e8b465ee728b)  -> (artifact id: 'ccae34aed0a3b750f687fd769fd2ce37') in 0.020769 seconds
  Import took 0.022738 seconds .

========================================================================
Received Prepare
Registering precompiled user dll's ...
Registered in 0.000801 seconds.
Begin MonoManager ReloadAssembly
Native extension for WindowsStandalone target not found
Native extension for WebGL target not found
Refreshing native plugins compatible for Editor in 0.19 ms, found 0 plugins.
Preloading 0 native plugins for Editor in 0.00 ms.
Mono: successfully reloaded assembly
- Completed reload, in  0.593 seconds
Platform modules already initialized, skipping
Refreshing native plugins compatible for Editor in 0.19 ms, found 0 plugins.
Preloading 0 native plugins for Editor in 0.00 ms.
Unloading 1263 Unused Serialized files (Serialized files now loaded: 0)
System memory in use before: 66.5 MB.
System memory in use after: 66.0 MB.

Unloading 8 unused Assets to reduce memory usage. Loaded Objects now: 1788.
Total: 1.800400 ms (FindLiveObjects: 0.129600 ms CreateObjectMapping: 0.029000 ms MarkObjects: 1.237000 ms  DeleteObjects: 0.403900 ms)

========================================================================
Received Prepare
Registering precompiled user dll's ...
Registered in 0.000957 seconds.
Begin MonoManager ReloadAssembly
Native extension for WindowsStandalone target not found
Native extension for WebGL target not found
Refreshing native plugins compatible for Editor in 0.33 ms, found 0 plugins.
Preloading 0 native plugins for Editor in 0.00 ms.
Mono: successfully reloaded assembly
- Completed reload, in  0.762 seconds
Platform modules already initialized, skipping
Refreshing native plugins compatible for Editor in 0.26 ms, found 0 plugins.
Preloading 0 native plugins for Editor in 0.00 ms.
Unloading 1263 Unused Serialized files (Serialized files now loaded: 0)
System memory in use before: 65.9 MB.
System memory in use after: 66.0 MB.

Unloading 6 unused Assets to reduce memory usage. Loaded Objects now: 1791.
Total: 2.328900 ms (FindLiveObjects: 0.310100 ms CreateObjectMapping: 0.041300 ms MarkObjects: 1.922500 ms  DeleteObjects: 0.052200 ms)

========================================================================
Received Prepare
Registering precompiled user dll's ...
Registered in 0.000738 seconds.
Begin MonoManager ReloadAssembly
Native extension for WindowsStandalone target not found
Native extension for WebGL target not found
Refreshing native plugins compatible for Editor in 0.20 ms, found 0 plugins.
Preloading 0 native plugins for Editor in 0.00 ms.
Mono: successfully reloaded assembly
- Completed reload, in  0.603 seconds
Platform modules already initialized, skipping
Refreshing native plugins compatible for Editor in 0.19 ms, found 0 plugins.
Preloading 0 native plugins for Editor in 0.00 ms.
Unloading 1264 Unused Serialized files (Serialized files now loaded: 0)
System memory in use before: 65.9 MB.
System memory in use after: 66.0 MB.

Unloading 6 unused Assets to reduce memory usage. Loaded Objects now: 1795.
Total: 1.457000 ms (FindLiveObjects: 0.130300 ms CreateObjectMapping: 0.026600 ms MarkObjects: 1.228600 ms  DeleteObjects: 0.070800 ms)

========================================================================
Received Prepare
Registering precompiled user dll's ...
Registered in 0.000808 seconds.
Begin MonoManager ReloadAssembly
Native extension for WindowsStandalone target not found
Native extension for WebGL target not found
Refreshing native plugins compatible for Editor in 0.19 ms, found 0 plugins.
Preloading 0 native plugins for Editor in 0.00 ms.
Mono: successfully reloaded assembly
- Completed reload, in  0.616 seconds
Platform modules already initialized, skipping
Refreshing native plugins compatible for Editor in 0.32 ms, found 0 plugins.
Preloading 0 native plugins for Editor in 0.00 ms.
Unloading 1264 Unused Serialized files (Serialized files now loaded: 0)
System memory in use before: 66.0 MB.
System memory in use after: 66.0 MB.

Unloading 6 unused Assets to reduce memory usage. Loaded Objects now: 1798.
Total: 2.336500 ms (FindLiveObjects: 0.222300 ms CreateObjectMapping: 0.062500 ms MarkObjects: 2.001200 ms  DeleteObjects: 0.049000 ms)

========================================================================
Received Import Request.
  Time since last request: 682.786968 seconds.
  path: Assets/New Terrain 1.asset
  artifactKey: Guid(18c9a6891f845f0438c232c97f87e573) Importer(815301076,1909f56bfc062723c751e8b465ee728b)
Start importing Assets/New Terrain 1.asset using Guid(18c9a6891f845f0438c232c97f87e573) Importer(815301076,1909f56bfc062723c751e8b465ee728b)  -> (artifact id: '600a834fe5a64c4ee2da4819fc52555d') in 0.021762 seconds
  Import took 0.024457 seconds .

========================================================================
Received Import Request.
  Time since last request: 197.137260 seconds.
  path: Assets/New Material 1.mat
  artifactKey: Guid(8b5e2c6f7f45e9d40826317b82db57e6) Importer(815301076,1909f56bfc062723c751e8b465ee728b)
Start importing Assets/New Material 1.mat using Guid(8b5e2c6f7f45e9d40826317b82db57e6) Importer(815301076,1909f56bfc062723c751e8b465ee728b)  -> (artifact id: '4f5bba42189389b55e861ac508ce47fa') in 0.050733 seconds
  Import took 0.053126 seconds .

========================================================================
Received Import Request.
  Time since last request: 0.000308 seconds.
  path: Assets/New Material.mat
  artifactKey: Guid(568c1769b651047499f5b71fddaf5840) Importer(815301076,1909f56bfc062723c751e8b465ee728b)
Start importing Assets/New Material.mat using Guid(568c1769b651047499f5b71fddaf5840) Importer(815301076,1909f56bfc062723c751e8b465ee728b)  -> (artifact id: '04b8decc42b61cc0dee2e07761fb629f') in 0.012505 seconds
  Import took 0.014878 seconds .

========================================================================
Received Import Request.
  Time since last request: 107.361356 seconds.
  path: Assets/Tree9/bark14.mat
  artifactKey: Guid(760ea8238d6219c42b2739f693d4c834) Importer(815301076,1909f56bfc062723c751e8b465ee728b)
Start importing Assets/Tree9/bark14.mat using Guid(760ea8238d6219c42b2739f693d4c834) Importer(815301076,1909f56bfc062723c751e8b465ee728b)  -> (artifact id: 'a6d8d7584f7a7aebe39d45381a7368b3') in 0.203173 seconds
  Import took 0.205573 seconds .

========================================================================
Received Import Request.
  Time since last request: 0.000204 seconds.
  path: Assets/Tree9/bark14_N.png
  artifactKey: Guid(81f1d63919f88a547a8d97fe857cc586) Importer(815301076,1909f56bfc062723c751e8b465ee728b)
Start importing Assets/Tree9/bark14_N.png using Guid(81f1d63919f88a547a8d97fe857cc586) Importer(815301076,1909f56bfc062723c751e8b465ee728b)  -> (artifact id: '51ea9b6e835ef65966504298d2d80eb0') in 0.082594 seconds
  Import took 0.084209 seconds .

========================================================================
Received Import Request.
  Time since last request: 0.000229 seconds.
  path: Assets/Tree9/Tree9_Leaf.fbx
  artifactKey: Guid(1de95aafaed1b594b88a317c6a6ac028) Importer(815301076,1909f56bfc062723c751e8b465ee728b)
Start importing Assets/Tree9/Tree9_Leaf.fbx using Guid(1de95aafaed1b594b88a317c6a6ac028) Importer(815301076,1909f56bfc062723c751e8b465ee728b)  -> (artifact id: '2ea7262314a5d93bfba3d7f04fbc3781') in 0.236497 seconds
  Import took 0.238354 seconds .

========================================================================
Received Import Request.
  Time since last request: 0.000205 seconds.
  path: Assets/Tree9/bark14.png
  artifactKey: Guid(78e60ad3a8152ec46be748bb6d5a7cdf) Importer(815301076,1909f56bfc062723c751e8b465ee728b)
Start importing Assets/Tree9/bark14.png using Guid(78e60ad3a8152ec46be748bb6d5a7cdf) Importer(815301076,1909f56bfc062723c751e8b465ee728b)  -> (artifact id: '91a941c1e6f0dd0f1ca4fe1094e3609a') in 0.007809 seconds
  Import took 0.009337 seconds .

========================================================================
Received Import Request.
  Time since last request: 0.000218 seconds.
  path: Assets/Tree9/Tree9_2.prefab
  artifactKey: Guid(be878d9ea17907f4a8068678a5ce7908) Importer(815301076,1909f56bfc062723c751e8b465ee728b)
Start importing Assets/Tree9/Tree9_2.prefab using Guid(be878d9ea17907f4a8068678a5ce7908) Importer(815301076,1909f56bfc062723c751e8b465ee728b)  -> (artifact id: 'ae28265440c9e0704a02e07d7cc56cd4') in 0.412164 seconds
  Import took 0.413863 seconds .

========================================================================
Received Import Request.
  Time since last request: 0.000215 seconds.
  path: Assets/Tree9/Leafs19_N.png
  artifactKey: Guid(fa41cc63b7bd56f4da64009c1c218880) Importer(815301076,1909f56bfc062723c751e8b465ee728b)
Start importing Assets/Tree9/Leafs19_N.png using Guid(fa41cc63b7bd56f4da64009c1c218880) Importer(815301076,1909f56bfc062723c751e8b465ee728b)  -> (artifact id: '3482482de54eb8060f6b7d2ef3951871') in 0.011721 seconds
  Import took 0.014747 seconds .

========================================================================
Received Import Request.
  Time since last request: 0.000458 seconds.
  path: Assets/Tree9/Tree9_3.prefab
  artifactKey: Guid(8b2d47fdc2e25ac4f9721480a68bbefa) Importer(815301076,1909f56bfc062723c751e8b465ee728b)
Start importing Assets/Tree9/Tree9_3.prefab using Guid(8b2d47fdc2e25ac4f9721480a68bbefa) Importer(815301076,1909f56bfc062723c751e8b465ee728b)  -> (artifact id: 'f083084c9c1db29b8e0ceb173265a9df') in 0.106573 seconds
  Import took 0.118995 seconds .

========================================================================
Received Import Request.
  Time since last request: 0.001335 seconds.
  path: Assets/Tree9/Tree9_leafs.mat
  artifactKey: Guid(da780beb78a91484aa965294e12f428e) Importer(815301076,1909f56bfc062723c751e8b465ee728b)
Start importing Assets/Tree9/Tree9_leafs.mat using Guid(da780beb78a91484aa965294e12f428e) Importer(815301076,1909f56bfc062723c751e8b465ee728b)  -> (artifact id: 'afb0edeaf9ba0c78d14e64612ef455eb') in 0.010935 seconds
  Import took 0.012834 seconds .

========================================================================
Received Import Request.
  Time since last request: 0.000194 seconds.
  path: Assets/Tree9/Tree9_5.prefab
  artifactKey: Guid(9b8fc966f95ea9c4194dc091fc40b478) Importer(815301076,1909f56bfc062723c751e8b465ee728b)
Start importing Assets/Tree9/Tree9_5.prefab using Guid(9b8fc966f95ea9c4194dc091fc40b478) Importer(815301076,1909f56bfc062723c751e8b465ee728b)  -> (artifact id: 'dcd9d4549630842dbb7c0db4bc071acb') in 0.033732 seconds
  Import took 0.035686 seconds .

========================================================================
Received Import Request.
  Time since last request: 0.000136 seconds.
  path: Assets/Tree9/Tree9_4.prefab
  artifactKey: Guid(956bd2acf7aae244dac8fc20cf57858d) Importer(815301076,1909f56bfc062723c751e8b465ee728b)
Start importing Assets/Tree9/Tree9_4.prefab using Guid(956bd2acf7aae244dac8fc20cf57858d) Importer(815301076,1909f56bfc062723c751e8b465ee728b)  -> (artifact id: '496b3ce6fb52d4140d1817285932cea6') in 0.035958 seconds
  Import took 0.038116 seconds .

========================================================================
Received Import Request.
  Time since last request: 0.000131 seconds.
  path: Assets/Tree9/Leafs19.tga
  artifactKey: Guid(58552de7d543f6e4095feb3806e56f4f) Importer(815301076,1909f56bfc062723c751e8b465ee728b)
Start importing Assets/Tree9/Leafs19.tga using Guid(58552de7d543f6e4095feb3806e56f4f) Importer(815301076,1909f56bfc062723c751e8b465ee728b)  -> (artifact id: 'eebecfe4cfa4d4adfac0341b6a15f1a1') in 0.013702 seconds
  Import took 0.015860 seconds .

========================================================================
Received Import Request.
  Time since last request: 34.003557 seconds.
  path: Assets/Tree9/Materials
  artifactKey: Guid(0b126e19a3d99c442b1dd5a8f8f4f143) Importer(815301076,1909f56bfc062723c751e8b465ee728b)
Start importing Assets/Tree9/Materials using Guid(0b126e19a3d99c442b1dd5a8f8f4f143) Importer(815301076,1909f56bfc062723c751e8b465ee728b)  -> (artifact id: '15fe79082860173e8a59cbf0a9610ade') in 0.005630 seconds
  Import took 0.007389 seconds .

========================================================================
Received Import Request.
  Time since last request: 0.071369 seconds.
  path: Assets/Tree9/Materials/leaf.mat
  artifactKey: Guid(3b81562ccc7e92543a108e811251a16f) Importer(815301076,1909f56bfc062723c751e8b465ee728b)
Start importing Assets/Tree9/Materials/leaf.mat using Guid(3b81562ccc7e92543a108e811251a16f) Importer(815301076,1909f56bfc062723c751e8b465ee728b)  -> (artifact id: '86fb5833821a7c71b982643c7d266ca9') in 0.012161 seconds
  Import took 0.014292 seconds .

========================================================================
Received Import Request.
  Time since last request: 222.026274 seconds.
  path: Assets/Tree9/Tree9_1_Textures/diffuse.png
  artifactKey: Guid(f984fae445e929149af21237b556579a) Importer(815301076,1909f56bfc062723c751e8b465ee728b)
Start importing Assets/Tree9/Tree9_1_Textures/diffuse.png using Guid(f984fae445e929149af21237b556579a) Importer(815301076,1909f56bfc062723c751e8b465ee728b)  -> (artifact id: 'b8424f455a822aad4ea56be294da5af3') in 0.035543 seconds
  Import took 0.037619 seconds .

========================================================================
Received Import Request.
  Time since last request: 0.000239 seconds.
  path: Assets/Tree9/Tree9_1_Textures/shadow.png
  artifactKey: Guid(c6866b951b8f3da479d9f8822255ff51) Importer(815301076,1909f56bfc062723c751e8b465ee728b)
Start importing Assets/Tree9/Tree9_1_Textures/shadow.png using Guid(c6866b951b8f3da479d9f8822255ff51) Importer(815301076,1909f56bfc062723c751e8b465ee728b)  -> (artifact id: 'dff8e6dfddd55786a61dacd14980d091') in 0.012473 seconds
  Import took 0.014268 seconds .

========================================================================
Received Import Request.
  Time since last request: 0.000200 seconds.
  path: Assets/Tree9/Tree9_1_Textures/normal_specular.png
  artifactKey: Guid(34bf97c9a44d6a24e9aad37f9f1e5e3d) Importer(815301076,1909f56bfc062723c751e8b465ee728b)
Start importing Assets/Tree9/Tree9_1_Textures/normal_specular.png using Guid(34bf97c9a44d6a24e9aad37f9f1e5e3d) Importer(815301076,1909f56bfc062723c751e8b465ee728b)  -> (artifact id: 'b8961f616b9c2428d219cc9ecaa67342') in 0.014677 seconds
  Import took 0.016686 seconds .

========================================================================
Received Import Request.
  Time since last request: 0.000305 seconds.
  path: Assets/Tree9/Tree9_1_Textures/translucency_gloss.png
  artifactKey: Guid(f61dbef0d12d35f4b9fbf8cfded48f9a) Importer(815301076,1909f56bfc062723c751e8b465ee728b)
Start importing Assets/Tree9/Tree9_1_Textures/translucency_gloss.png using Guid(f61dbef0d12d35f4b9fbf8cfded48f9a) Importer(815301076,1909f56bfc062723c751e8b465ee728b)  -> (artifact id: '1ce8cabee5af4dae1ba6a8e551600dd2') in 0.013815 seconds
  Import took 0.016040 seconds .

========================================================================
Received Prepare
Registering precompiled user dll's ...
Registered in 0.001167 seconds.
Begin MonoManager ReloadAssembly
Native extension for WindowsStandalone target not found
Native extension for WebGL target not found
Refreshing native plugins compatible for Editor in 0.20 ms, found 0 plugins.
Preloading 0 native plugins for Editor in 0.00 ms.
Mono: successfully reloaded assembly
- Completed reload, in  0.580 seconds
Platform modules already initialized, skipping
Refreshing native plugins compatible for Editor in 0.19 ms, found 0 plugins.
Preloading 0 native plugins for Editor in 0.00 ms.
Unloading 1264 Unused Serialized files (Serialized files now loaded: 0)
System memory in use before: 68.1 MB.
System memory in use after: 67.7 MB.

Unloading 8 unused Assets to reduce memory usage. Loaded Objects now: 1816.
Total: 1.826000 ms (FindLiveObjects: 0.132600 ms CreateObjectMapping: 0.026400 ms MarkObjects: 1.245800 ms  DeleteObjects: 0.420500 ms)

========================================================================
Received Import Request.
  Time since last request: 36.771691 seconds.
  path: Assets/Tree9/Tree9_1_Textures/New Terrain Material.mat
  artifactKey: Guid(3c513238df2a4fe45a7550d7c7496c3f) Importer(815301076,1909f56bfc062723c751e8b465ee728b)
Start importing Assets/Tree9/Tree9_1_Textures/New Terrain Material.mat using Guid(3c513238df2a4fe45a7550d7c7496c3f) Importer(815301076,1909f56bfc062723c751e8b465ee728b)  -> (artifact id: '4f46aea86fea391296f6fcd6b7b86810') in 0.134378 seconds
  Import took 0.136158 seconds .

========================================================================
Received Prepare
Registering precompiled user dll's ...
Registered in 0.001141 seconds.
Begin MonoManager ReloadAssembly
Native extension for WindowsStandalone target not found
Native extension for WebGL target not found
Refreshing native plugins compatible for Editor in 0.20 ms, found 0 plugins.
Preloading 0 native plugins for Editor in 0.00 ms.
Mono: successfully reloaded assembly
- Completed reload, in  0.617 seconds
Platform modules already initialized, skipping
Refreshing native plugins compatible for Editor in 0.19 ms, found 0 plugins.
Preloading 0 native plugins for Editor in 0.00 ms.
Unloading 1264 Unused Serialized files (Serialized files now loaded: 0)
System memory in use before: 78.8 MB.
System memory in use after: 78.9 MB.

Unloading 6 unused Assets to reduce memory usage. Loaded Objects now: 1832.
Total: 3.367300 ms (FindLiveObjects: 0.449100 ms CreateObjectMapping: 0.151300 ms MarkObjects: 2.685300 ms  DeleteObjects: 0.079800 ms)

AssetImportWorkerClient::OnTransportError - code=2 error=End of file
